Info:2018/01/11 20:59:24 router.go:10: 路由开始初始化
Info:2018/01/11 20:59:24 router.go:18: 路由初始化完成
Info:2018/01/12 10:47:14 router.go:10: 路由开始初始化
Info:2018/01/12 10:47:14 router.go:18: 路由初始化完成
Info:2018/01/12 12:11:11 router.go:10: 路由开始初始化
Info:2018/01/12 12:11:11 router.go:18: 路由初始化完成
Info:2018/01/12 20:40:27 router.go:10: 路由开始初始化
Info:2018/01/12 20:40:27 router.go:18: 路由初始化完成
Info:2018/01/13 12:48:42 router.go:10: 路由开始初始化
Info:2018/01/13 12:48:42 router.go:18: 路由初始化完成
Info:2018/01/15 10:55:15 router.go:10: 路由开始初始化
Info:2018/01/15 10:55:15 router.go:18: 路由初始化完成
Info:2018/01/16 21:04:32 router.go:10: 路由开始初始化
Info:2018/01/16 21:04:32 router.go:18: 路由初始化完成
Info:2018/01/18 22:13:13 router.go:10: 路由开始初始化
Info:2018/01/18 22:13:13 router.go:18: 路由初始化完成
Info:2018/01/19 20:06:25 router.go:10: 路由开始初始化
Info:2018/01/19 20:06:25 router.go:18: 路由初始化完成
Info:2018/01/20 13:40:08 router.go:10: 路由开始初始化
Info:2018/01/20 13:40:08 router.go:18: 路由初始化完成
Info:2018/02/06 16:38:23 router.go:10: 路由开始初始化
Info:2018/02/06 16:38:23 router.go:18: 路由初始化完成
Info:2018/02/07 10:02:14 router.go:11: 路由开始初始化
Info:2018/02/07 10:02:29 router.go:11: 路由开始初始化
Info:2018/02/07 10:08:07 router.go:11: 路由开始初始化
Info:2018/02/07 10:16:49 router.go:11: 路由开始初始化
Info:2018/02/07 10:19:39 router.go:11: 路由开始初始化
Info:2018/02/07 10:22:51 router.go:11: 路由开始初始化
Info:2018/02/07 10:22:51 router.go:22: 路由初始化完成
Info:2018/02/07 10:26:13 router.go:11: 路由开始初始化
Info:2018/02/07 10:26:13 router.go:22: 路由初始化完成
Info:2018/02/07 10:39:13 router.go:11: 路由开始初始化
Info:2018/02/07 10:39:13 router.go:22: 路由初始化完成
Info:2018/02/07 10:46:55 router.go:11: 路由开始初始化
Info:2018/02/07 10:46:55 router.go:22: 路由初始化完成
Info:2018/02/07 10:49:27 router.go:11: 路由开始初始化
Info:2018/02/07 10:49:27 router.go:22: 路由初始化完成
Info:2018/02/07 10:52:55 router.go:11: 路由开始初始化
Info:2018/02/07 10:52:55 router.go:22: 路由初始化完成
Info:2018/02/07 10:54:18 router.go:11: 路由开始初始化
Info:2018/02/07 10:54:18 router.go:22: 路由初始化完成
Info:2018/02/07 11:45:17 router.go:11: 路由开始初始化
Info:2018/02/07 11:45:17 router.go:22: 路由初始化完成
Info:2018/02/07 11:46:23 router.go:11: 路由开始初始化
Info:2018/02/07 11:46:23 router.go:22: 路由初始化完成
Info:2018/02/07 11:46:31 qq.go:53: {"qq":"136771988","error_code":0,"reason":"success","result":{"data":{"conclusion":"[大吉]思虑周详，计划力行，不失先机，可望成功","analysis":"兴家立业意志强，智虑周密名望扬，志操坚固信用重，一身才艺建基业。"}}}
Info:2018/03/07 14:16:05 router.go:11: 路由开始初始化
Info:2018/03/07 14:16:05 router.go:22: 路由初始化完成
Info:2018/03/07 14:16:20 router.go:11: 路由开始初始化
Info:2018/03/07 14:16:20 router.go:22: 路由初始化完成
Info:2018/03/07 14:16:44 router.go:11: 路由开始初始化
Info:2018/03/07 14:16:44 router.go:22: 路由初始化完成
Info:2018/03/07 15:27:26 router.go:11: 路由开始初始化
Info:2018/03/07 15:27:26 router.go:25: 路由初始化完成
Info:2018/03/07 15:28:00 article.go:57: 新增id=0    ip=[ 
Info:2018/03/07 15:30:33 router.go:11: 路由开始初始化
Info:2018/03/07 15:30:33 router.go:25: 路由初始化完成
Info:2018/03/07 15:30:49 article.go:58: 新增id=1    ip=[ 
Info:2018/03/07 15:31:28 article.go:58: 新增id=2    ip=127.0.0.1 
Info:2018/03/07 15:32:18 article.go:58: 新增id=3    ip=192.168.10.181 
Info:2018/03/07 15:33:21 article.go:58: 新增id=4    ip=192.168.10.181 
Info:2018/03/07 16:12:40 router.go:11: 路由开始初始化
Info:2018/03/07 16:12:40 router.go:28: 路由初始化完成
Error:2018/03/07 16:13:18 article.go:91: Error 1054: Unknown column 'createTime' in 'field list'
Info:2018/03/07 16:14:35 router.go:11: 路由开始初始化
Info:2018/03/07 16:14:35 router.go:28: 路由初始化完成
Info:2018/03/07 16:16:00 router.go:11: 路由开始初始化
Info:2018/03/07 16:16:00 router.go:28: 路由初始化完成
Info:2018/03/07 16:20:02 router.go:11: 路由开始初始化
Info:2018/03/07 16:20:02 router.go:28: 路由初始化完成
Info:2018/03/07 16:20:56 router.go:11: 路由开始初始化
Info:2018/03/07 16:20:56 router.go:28: 路由初始化完成
Info:2018/03/07 16:22:30 router.go:11: 路由开始初始化
Info:2018/03/07 16:22:30 router.go:28: 路由初始化完成
Error:2018/03/07 16:46:44 article.go:52: Error 1406: Data too long for column 'content' at row 1
Info:2018/03/07 16:47:24 article.go:58: 新增id=5    ip=192.168.10.181 
Info:2018/03/07 16:49:40 router.go:11: 路由开始初始化
Info:2018/03/07 16:49:40 router.go:28: 路由初始化完成
Info:2018/03/07 16:53:21 router.go:11: 路由开始初始化
Info:2018/03/07 16:53:21 router.go:28: 路由初始化完成
Info:2018/03/07 17:05:24 router.go:11: 路由开始初始化
Info:2018/03/07 17:05:24 router.go:28: 路由初始化完成
Info:2018/03/07 17:06:54 router.go:11: 路由开始初始化
Info:2018/03/07 17:06:54 router.go:28: 路由初始化完成
Info:2018/03/07 17:12:13 article.go:58: 新增id=6    ip=[ 
Info:2018/03/07 17:21:59 article.go:58: 新增id=7    ip=[ 
Info:2018/03/07 17:24:37 router.go:11: 路由开始初始化
Info:2018/03/07 17:24:37 router.go:28: 路由初始化完成
Info:2018/03/07 17:25:23 article.go:58: 新增id=8    ip=::1 
Info:2018/03/07 17:27:27 router.go:11: 路由开始初始化
Info:2018/03/07 17:27:27 router.go:28: 路由初始化完成
Info:2018/03/07 17:27:49 article.go:62: 新增id=9    ip=::1 
Info:2018/03/07 17:27:53 article.go:62: 新增id=10    ip=::1 
Info:2018/03/07 17:27:58 article.go:62: 新增id=11    ip=::1 
Info:2018/03/07 17:29:03 router.go:11: 路由开始初始化
Info:2018/03/07 17:29:03 router.go:28: 路由初始化完成
Info:2018/03/07 17:29:10 article.go:61: 新增id=12    ip=::1 
Info:2018/03/07 17:29:17 article.go:61: 新增id=13    ip=::1 
Info:2018/03/07 17:30:13 router.go:11: 路由开始初始化
Info:2018/03/07 17:30:13 router.go:28: 路由初始化完成
Info:2018/03/07 17:30:19 article.go:61: 新增id=14    ip=::1 
Info:2018/03/07 17:31:55 article.go:61: 新增id=15    ip=192.168.10.181
Info:2018/03/12 13:59:27 router.go:11: 路由开始初始化
Info:2018/03/12 13:59:27 router.go:28: 路由初始化完成
